<?xml version="1.0" encoding="UTF-8"?>
<testng-results skipped="0" failed="0" total="1" passed="1">
  <reporter-output>
  </reporter-output>
  <suite name="Default suite" duration-ms="46979" started-at="2019-04-05T15:45:03Z" finished-at="2019-04-05T15:45:50Z">
    <groups>
    </groups>
    <test name="Default test" duration-ms="46979" started-at="2019-04-05T15:45:03Z" finished-at="2019-04-05T15:45:50Z">
      <class name="com.bp4.auto.GoogleTest">
        <test-method status="PASS" signature="SetUp()[pri:0, instance:com.bp4.auto.GoogleTest@9629756]" name="SetUp" is-config="true" duration-ms="17524" started-at="2019-04-05T12:45:03Z" finished-at="2019-04-05T12:45:20Z">
          <reporter-output>
          </reporter-output>
        </test-method> <!-- SetUp -->
        <test-method status="PASS" signature="pruebaUno()[pri:0, instance:com.bp4.auto.GoogleTest@9629756]" name="pruebaUno" duration-ms="29331" started-at="2019-04-05T12:45:20Z" finished-at="2019-04-05T12:45:50Z">
          <reporter-output>
          </reporter-output>
        </test-method> <!-- pruebaUno -->
        <test-method status="PASS" signature="tearDown()[pri:0, instance:com.bp4.auto.GoogleTest@9629756]" name="tearDown" is-config="true" duration-ms="108" started-at="2019-04-05T12:45:50Z" finished-at="2019-04-05T12:45:50Z">
          <reporter-output>
          </reporter-output>
        </test-method> <!-- tearDown -->
      </class> <!-- com.bp4.auto.GoogleTest -->
    </test> <!-- Default test -->
  </suite> <!-- Default suite -->
</testng-results>
